# JRE version: OpenJDK Runtime Environment (17.0.11) (build 17.0.11+0--11852314)
# Java VM: OpenJDK 64-Bit Server VM (17.0.11+0--11852314, mixed mode, tiered, compressed oops, compressed class ptrs, g1 gc, windows-amd64)
GC Precious Log:
 CPUs: 8 total, 8 available
 Memory: 15694M
 Large Page Support: Disabled
 NUMA Support: Disabled
 Compressed Oops: Enabled (32-bit)
 Heap Region Size: 1M
 Heap Min Capacity: 8M
 Heap Initial Capacity: 246M
 Heap Max Capacity: 2G
 Pre-touch: Disabled
 Parallel Workers: 8
 Concurrent Workers: 2
 Concurrent Refinement Workers: 8
 Periodic GC: Disabled
Heap:
 garbage-first heap   total 344064K, used 251612K [0x0000000080000000, 0x0000000100000000)
  region size 1024K, 7 young (7168K), 7 survivors (7168K)
 Metaspace       used 135271K, committed 136192K, reserved 1179648K
  class space    used 18143K, committed 18624K, reserved 1048576K
GC Heap History (20 events):
Event: 45.196 GC heap after
{Heap after GC invocations=108 (full 0):
 garbage-first heap   total 344064K, used 152806K [0x0000000080000000, 0x0000000100000000)
  region size 1024K, 9 young (9216K), 9 survivors (9216K)
 Metaspace       used 124040K, committed 124928K, reserved 1179648K
  class space    used 16524K, committed 16960K, reserved 1048576K
}
Event: 47.303 GC heap before
{Heap before GC invocations=108 (full 0):
 garbage-first heap   total 344064K, used 298214K [0x0000000080000000, 0x0000000100000000)
  region size 1024K, 152 young (155648K), 9 survivors (9216K)
 Metaspace       used 124197K, committed 125056K, reserved 1179648K
  class space    used 16535K, committed 16960K, reserved 1048576K
}
Event: 47.306 GC heap after
{Heap after GC invocations=109 (full 0):
 garbage-first heap   total 344064K, used 147388K [0x0000000080000000, 0x0000000100000000)
  region size 1024K, 5 young (5120K), 5 survivors (5120K)
 Metaspace       used 124197K, committed 125056K, reserved 1179648K
  class space    used 16535K, committed 16960K, reserved 1048576K
}
Event: 48.311 GC heap before
{Heap before GC invocations=109 (full 0):
 garbage-first heap   total 344064K, used 299964K [0x0000000080000000, 0x0000000100000000)
  region size 1024K, 154 young (157696K), 5 survivors (5120K)
 Metaspace       used 124197K, committed 125056K, reserved 1179648K
  class space    used 16535K, committed 16960K, reserved 1048576K
}
Event: 48.314 GC heap after
{Heap after GC invocations=110 (full 0):
 garbage-first heap   total 344064K, used 148767K [0x0000000080000000, 0x0000000100000000)
  region size 1024K, 6 young (6144K), 6 survivors (6144K)
 Metaspace       used 124197K, committed 125056K, reserved 1179648K
  class space    used 16535K, committed 16960K, reserved 1048576K
}
Event: 49.061 GC heap before
{Heap before GC invocations=110 (full 0):
 garbage-first heap   total 344064K, used 301343K [0x0000000080000000, 0x0000000100000000)
  region size 1024K, 155 young (158720K), 6 survivors (6144K)
 Metaspace       used 124198K, committed 125056K, reserved 1179648K
  class space    used 16535K, committed 16960K, reserved 1048576K
}
Event: 49.064 GC heap after
{Heap after GC invocations=111 (full 0):
 garbage-first heap   total 344064K, used 150452K [0x0000000080000000, 0x0000000100000000)
  region size 1024K, 8 young (8192K), 8 survivors (8192K)
 Metaspace       used 124198K, committed 125056K, reserved 1179648K
  class space    used 16535K, committed 16960K, reserved 1048576K
}
Event: 50.281 GC heap before
{Heap before GC invocations=111 (full 0):
 garbage-first heap   total 344064K, used 298932K [0x0000000080000000, 0x0000000100000000)
  region size 1024K, 154 young (157696K), 8 survivors (8192K)
 Metaspace       used 127934K, committed 128768K, reserved 1179648K
  class space    used 17038K, committed 17472K, reserved 1048576K
}
Event: 50.287 GC heap after
{Heap after GC invocations=112 (full 0):
 garbage-first heap   total 344064K, used 158220K [0x0000000080000000, 0x0000000100000000)
  region size 1024K, 15 young (15360K), 15 survivors (15360K)
 Metaspace       used 127934K, committed 128768K, reserved 1179648K
  class space    used 17038K, committed 17472K, reserved 1048576K
}
Event: 51.164 GC heap before
{Heap before GC invocations=112 (full 0):
 garbage-first heap   total 344064K, used 288268K [0x0000000080000000, 0x0000000100000000)
  region size 1024K, 143 young (146432K), 15 survivors (15360K)
 Metaspace       used 131650K, committed 132544K, reserved 1179648K
  class space    used 17612K, committed 18048K, reserved 1048576K
}
Event: 51.173 GC heap after
{Heap after GC invocations=113 (full 0):
 garbage-first heap   total 344064K, used 179281K [0x0000000080000000, 0x0000000100000000)
  region size 1024K, 18 young (18432K), 18 survivors (18432K)
 Metaspace       used 131650K, committed 132544K, reserved 1179648K
  class space    used 17612K, committed 18048K, reserved 1048576K
}
Event: 51.395 GC heap before
{Heap before GC invocations=113 (full 0):
 garbage-first heap   total 344064K, used 279633K [0x0000000080000000, 0x0000000100000000)
  region size 1024K, 117 young (119808K), 18 survivors (18432K)
 Metaspace       used 132607K, committed 133504K, reserved 1179648K
  class space    used 17713K, committed 18176K, reserved 1048576K
}
Event: 51.411 GC heap after
{Heap after GC invocations=114 (full 0):
 garbage-first heap   total 344064K, used 197632K [0x0000000080000000, 0x0000000100000000)
  region size 1024K, 15 young (15360K), 15 survivors (15360K)
 Metaspace       used 132607K, committed 133504K, reserved 1179648K
  class space    used 17713K, committed 18176K, reserved 1048576K
}
Event: 51.597 GC heap before
{Heap before GC invocations=114 (full 0):
 garbage-first heap   total 344064K, used 279552K [0x0000000080000000, 0x0000000100000000)
  region size 1024K, 96 young (98304K), 15 survivors (15360K)
 Metaspace       used 133093K, committed 133952K, reserved 1179648K
  class space    used 17811K, committed 18240K, reserved 1048576K
}
Event: 51.615 GC heap after
{Heap after GC invocations=115 (full 0):
 garbage-first heap   total 344064K, used 212374K [0x0000000080000000, 0x0000000100000000)
  region size 1024K, 12 young (12288K), 12 survivors (12288K)
 Metaspace       used 133093K, committed 133952K, reserved 1179648K
  class space    used 17811K, committed 18240K, reserved 1048576K
}
Event: 52.094 GC heap before
{Heap before GC invocations=115 (full 0):
 garbage-first heap   total 344064K, used 280982K [0x0000000080000000, 0x0000000100000000)
  region size 1024K, 80 young (81920K), 12 survivors (12288K)
 Metaspace       used 134787K, committed 135680K, reserved 1179648K
  class space    used 18080K, committed 18560K, reserved 1048576K
}
Event: 52.116 GC heap after
{Heap after GC invocations=116 (full 0):
 garbage-first heap   total 344064K, used 225085K [0x0000000080000000, 0x0000000100000000)
  region size 1024K, 10 young (10240K), 10 survivors (10240K)
 Metaspace       used 134787K, committed 135680K, reserved 1179648K
  class space    used 18080K, committed 18560K, reserved 1048576K
}
Event: 52.242 GC heap before
{Heap before GC invocations=116 (full 0):
 garbage-first heap   total 344064K, used 284477K [0x0000000080000000, 0x0000000100000000)
  region size 1024K, 68 young (69632K), 10 survivors (10240K)
 Metaspace       used 135245K, committed 136128K, reserved 1179648K
  class space    used 18137K, committed 18560K, reserved 1048576K
}
Event: 52.263 GC heap after
{Heap after GC invocations=117 (full 0):
 garbage-first heap   total 344064K, used 239974K [0x0000000080000000, 0x0000000100000000)
  region size 1024K, 9 young (9216K), 9 survivors (9216K)
 Metaspace       used 135245K, committed 136128K, reserved 1179648K
  class space    used 18137K, committed 18560K, reserved 1048576K
}
Event: 52.333 GC heap before
{Heap before GC invocations=117 (full 0):
 garbage-first heap   total 344064K, used 286054K [0x0000000080000000, 0x0000000100000000)
  region size 1024K, 54 young (55296K), 9 survivors (9216K)
 Metaspace       used 135271K, committed 136192K, reserved 1179648K
  class space    used 18143K, committed 18624K, reserved 1048576K
}

